[SAMD]: MKR Vidor 4000
[SAMD]: Starting FPGA...
[SAMD]: FPGA Version: 1020109
[SAMD]: FPGA Config: number of devices 9
1 02000000 MB_DEV_GPIO
1 03000000 MB_DEV_GFX
4 04000000 MB_DEV_I2C
6 05000000 MB_DEV_SPI
9 06000000 MB_DEV_UART
1 08000000 MB_DEV_SDRAM
4 09000000 MB_DEV_NP
11 0A000000 MB_DEV_ENC
0 0B000000 MB_DEV_REG
[SAMD]: FPGA Status: Online
[SAMD]: Initialising FPGA Interfaces
[SAMD]: Resetting PCIe Bus
[SAMD]: Reconfiguring PCIe Bus Pins
[SAMD]: Reading PCIe Bus Pins
[SAMD]: PEX_PIN1 = -1
[SAMD]: PEX_PIN3 = -1
[SAMD]: PEX_PIN5 = -1
[SAMD]: PEX_PIN6 = -1
[SAMD]: PEX_PIN7 = -1
[SAMD]: PEX_PIN8 = -1
[SAMD]: PEX_PIN10 = -1
[SAMD]: PEX_PIN11 = -1
[SAMD]: PEX_PIN12 = -1
[SAMD]: PEX_PIN13 = -1
[SAMD]: PEX_PIN14 = -1
[SAMD]: PEX_PIN16 = -1
[SAMD]: PEX_PIN20 = -1
[SAMD]: PEX_PIN22 = -1
[SAMD]: PEX_PIN23 = -1
[SAMD]: PEX_PIN25 = -1
[SAMD]: PEX_PIN28 = -1
[SAMD]: PEX_PIN30 = -1
[SAMD]: PEX_PIN31 = 1
[SAMD]: PEX_PIN32 = 0
[SAMD]: PEX_PIN33 = 1
[SAMD]: PEX_PIN42 = -1
[SAMD]: PEX_PIN44 = -1
[SAMD]: PEX_PIN45 = -1
[SAMD]: PEX_PIN46 = -1
[SAMD]: PEX_PIN47 = -1
[SAMD]: PEX_PIN48 = 0
[SAMD]: PEX_PIN49 = 0
[SAMD]: PEX_PIN51 = 0
[SAMD]: Shutting Down FPGA
[SAMD]: Run Blink!
